<?xml version="1.0" encoding="UTF-8"?>
<testsuite name="commons.MultiplayerTest" tests="8" skipped="0" failures="0" errors="0" timestamp="2022-04-07T19:44:04" hostname="LAPTOP-VLADI2" time="0.011">
  <properties/>
  <testcase name="testEmptyConstructor()" classname="commons.MultiplayerTest" time="0.002"/>
  <testcase name="testNull()" classname="commons.MultiplayerTest" time="0.001"/>
  <testcase name="testToString()" classname="commons.MultiplayerTest" time="0.003"/>
  <testcase name="testNameConstructor()" classname="commons.MultiplayerTest" time="0.0"/>
  <testcase name="testIncrement()" classname="commons.MultiplayerTest" time="0.0"/>
  <testcase name="testFullConstructor()" classname="commons.MultiplayerTest" time="0.001"/>
  <testcase name="testGetters()" classname="commons.MultiplayerTest" time="0.001"/>
  <testcase name="testEquals()" classname="commons.MultiplayerTest" time="0.0"/>
  <system-out><![CDATA[]]></system-out>
  <system-err><![CDATA[]]></system-err>
</testsuite>
