<?xml version="1.0" encoding="UTF-8"?>
<testsuite name="commons.QuoteTest" tests="4" skipped="0" failures="0" errors="0" timestamp="2022-04-07T19:44:04" hostname="LAPTOP-VLADI2" time="0.007">
  <properties/>
  <testcase name="notEqualsHashCode()" classname="commons.QuoteTest" time="0.003"/>
  <testcase name="equalsHashCode()" classname="commons.QuoteTest" time="0.001"/>
  <testcase name="hasToString()" classname="commons.QuoteTest" time="0.001"/>
  <testcase name="checkConstructor()" classname="commons.QuoteTest" time="0.0"/>
  <system-out><![CDATA[]]></system-out>
  <system-err><![CDATA[]]></system-err>
</testsuite>
