<?xml version="1.0" encoding="UTF-8"?>
<testsuite name="client.scenes.SinglePlayerTest" tests="1" skipped="0" failures="0" errors="0" timestamp="2022-04-07T19:44:02" hostname="LAPTOP-VLADI2" time="0.001">
  <properties/>
  <testcase name="testdo1()" classname="client.scenes.SinglePlayerTest" time="0.001"/>
  <system-out><![CDATA[]]></system-out>
  <system-err><![CDATA[]]></system-err>
</testsuite>
