<?xml version="1.0" encoding="UTF-8"?>
<testsuite name="client.scenes.MainCtrlTest" tests="1" skipped="0" failures="0" errors="0" timestamp="2022-04-07T19:44:02" hostname="LAPTOP-VLADI2" time="0.025">
  <properties/>
  <testcase name="testNull()" classname="client.scenes.MainCtrlTest" time="0.025"/>
  <system-out><![CDATA[]]></system-out>
  <system-err><![CDATA[]]></system-err>
</testsuite>
